        -:    0:Source:unit_test/src/unit_test.c
        -:    0:Graph:unit_test.gcno
        -:    0:Data:unit_test.gcda
        -:    0:Runs:10
        -:    0:Programs:1
        -:    1:/* ************************************************************************** */
        -:    2:/*                                                                            */
        -:    3:/*                                                        :::      ::::::::   */
        -:    4:/*   unit_test.c                                        :+:      :+:    :+:   */
        -:    5:/*                                                    +:+ +:+         +:+     */
        -:    6:/*   By: safoh <safoh@student.codam.nl>             +#+  +:+       +#+        */
        -:    7:/*                                                +#+#+#+#+#+   +#+           */
        -:    8:/*   Created: 2022/05/26 16:46:15 by safoh             #+#    #+#             */
        -:    9:/*   Updated: 2022/05/30 23:43:09 by safoh            ###   ########.fr       */
        -:   10:/*                                                                            */
        -:   11:/* ************************************************************************** */
        -:   12:
        -:   13:#include "unit_test.h"
        -:   14:#include "frame.h"
        -:   15:
        -:   16:void	tester(double x, double y, double expected);
       10:   17:double ft_pow(double x, double y)
        -:   18:{
       10:   19:	return (x * y);
        -:   20:}
        -:   21:
       10:   22:Test(Example_Tests, should_pass_all_tests_provided)
        -:   23:{
        5:   24:	tester(1.0, 1.0, 1.0);
        5:   25:}
        -:   26:
        5:   27:void	tester(double x, double y, double expected)
        -:   28:{
        -:   29:	double submitted;
        5:   30:	submitted = ft_pow(x, y);
        5:   31:	cr_assert(ft_pow(x, y) == expected,
        -:   32:		"Submitted:\t%f for %f to the power of %f\nExpected:\t%f\n",
        -:   33:		submitted, x, y, expected
        -:   34:		);
        5:   35:}
